clause :~ Pred: B(Var: var1)
firstParent : ~ Pred: B(Var: var1)
secondParent : Pred: B(Var: var0)
clause :~ Pred: B(Var: var1)
firstParent : ~ Pred: A(Var: var0) v ~ Pred: B(Var: var0)
secondParent : Pred: A(Var: var0)
clause :~ Pred: A(Var: var0) v ~ Pred: B(Var: var0)
firstParent : Pred: C(Var: var1)
secondParent : ~ Pred: A(Var: var0) v ~ Pred: B(Var: var0) v ~ Pred: C(Var: var0)
clause :Pred: C(Var: var1)
firstParent : ~ Pred: B(Var: var0) v Pred: C(Var: var0)
secondParent : Pred: B(Var: var0)
clause :~ Pred: B(Var: var0) v Pred: C(Var: var0)
firstParent : ~ Pred: D(Var: var1)
secondParent : ~ Pred: B(Var: var0) v Pred: C(Var: var0) v Pred: D(Var: var0)
clause :~ Pred: D(Var: var1)
firstParent : ~ Pred: A(Var: var0) v ~ Pred: D(Var: var0)
secondParent : Pred: A(Var: var0)
clause :~ Pred: A(Var: var0) v ~ Pred: D(Var: var0)
firstParent : ~ Pred: E(Var: var1)
secondParent : ~ Pred: A(Var: var0) v ~ Pred: D(Var: var0) v Pred: E(Var: var0)
clause :~ Pred: E(Var: var1)
firstParent : ~ Pred: B(Var: var0) v ~ Pred: E(Var: var0)
secondParent : Pred: B(Var: var0)
clause :~ Pred: B(Var: var0) v ~ Pred: E(Var: var0)
firstParent : ~ Pred: H(Var: x)
secondParent : ~ Pred: B(Var: var0) v ~ Pred: E(Var: var0) v Pred: H(Var: var0)
clause :~ Pred: H(Var: x)
clause :~ Pred: B(Var: var0) v ~ Pred: E(Var: var0) v Pred: H(Var: var0)
clause :Pred: B(Var: var0)
clause :~ Pred: A(Var: var0) v ~ Pred: D(Var: var0) v Pred: E(Var: var0)
clause :Pred: A(Var: var0)
clause :~ Pred: B(Var: var0) v Pred: C(Var: var0) v Pred: D(Var: var0)
clause :Pred: B(Var: var0)
clause :~ Pred: A(Var: var0) v ~ Pred: B(Var: var0) v ~ Pred: C(Var: var0)
clause :Pred: A(Var: var0)
clause :Pred: B(Var: var0)
